2021-07-26 15:36:31.761  INFO 4940 --- [restartedMain] c.e.e.EmpPayrollAppApplication           : Starting EmpPayrollAppApplication using Java 16.0.1 on DESKTOP-0RG9E2N with PID 4940 (D:\EmpPayrollApp\target\classes started by sonali in D:\EmpPayrollApp)
2021-07-26 15:36:31.761 DEBUG 4940 --- [restartedMain] c.e.e.EmpPayrollAppApplication           : Running with Spring Boot v2.5.3, Spring v5.3.9
2021-07-26 15:36:31.761  INFO 4940 --- [restartedMain] c.e.e.EmpPayrollAppApplication           : No active profile set, falling back to default profiles: default
2021-07-26 15:36:46.321  WARN 4940 --- [restartedMain] ConfigServletWebServerApplicationContext : Exception encountered during context initialization - cancelling refresh attempt: org.springframework.beans.factory.UnsatisfiedDependencyException: Error creating bean with name 'dataSourceScriptDatabaseInitializer' defined in class path resource [org/springframework/boot/autoconfigure/sql/init/DataSourceInitializationConfiguration.class]: Unsatisfied dependency expressed through method 'dataSourceScriptDatabaseInitializer' parameter 0; nested exception is org.springframework.beans.factory.BeanCreationException: Error creating bean with name 'dataSource' defined in class path resource [org/springframework/boot/autoconfigure/jdbc/DataSourceConfiguration$Hikari.class]: Bean instantiation via factory method failed; nested exception is org.springframework.beans.BeanInstantiationException: Failed to instantiate [com.zaxxer.hikari.HikariDataSource]: Factory method 'dataSource' threw exception; nested exception is org.springframework.boot.autoconfigure.jdbc.DataSourceProperties$DataSourceBeanCreationException: Failed to determine a suitable driver class
2021-07-26 15:36:46.540 ERROR 4940 --- [restartedMain] o.s.b.d.LoggingFailureAnalysisReporter   : 

***************************
APPLICATION FAILED TO START
***************************

Description:

Failed to configure a DataSource: 'url' attribute is not specified and no embedded datasource could be configured.

Reason: Failed to determine a suitable driver class


Action:

Consider the following:
	If you want an embedded database (H2, HSQL or Derby), please put it on the classpath.
	If you have database settings to be loaded from a particular profile you may need to activate it (no profiles are currently active).

2021-07-26 15:37:32.469  INFO 9344 --- [restartedMain] c.e.e.EmpPayrollAppApplication           : Starting EmpPayrollAppApplication using Java 16.0.1 on DESKTOP-0RG9E2N with PID 9344 (D:\EmpPayrollApp\target\classes started by sonali in D:\EmpPayrollApp)
2021-07-26 15:37:32.475 DEBUG 9344 --- [restartedMain] c.e.e.EmpPayrollAppApplication           : Running with Spring Boot v2.5.3, Spring v5.3.9
2021-07-26 15:37:32.481  INFO 9344 --- [restartedMain] c.e.e.EmpPayrollAppApplication           : No active profile set, falling back to default profiles: default
2021-07-26 15:37:40.927  WARN 9344 --- [restartedMain] JpaBaseConfiguration$JpaWebConfiguration : spring.jpa.open-in-view is enabled by default. Therefore, database queries may be performed during view rendering. Explicitly configure spring.jpa.open-in-view to disable this warning
2021-07-26 15:37:42.146  INFO 9344 --- [restartedMain] c.e.e.EmpPayrollAppApplication           : Started EmpPayrollAppApplication in 10.453 seconds (JVM running for 12.446)
2021-07-26 15:37:42.146  INFO 9344 --- [restartedMain] c.e.e.EmpPayrollAppApplication           : Employee Payroll App Started
2021-07-26 16:33:41.197  INFO 11784 --- [restartedMain] c.e.e.EmpPayrollAppApplication           : Starting EmpPayrollAppApplication using Java 16.0.1 on DESKTOP-0RG9E2N with PID 11784 (D:\EmpPayrollApp\target\classes started by root in D:\EmpPayrollApp)
2021-07-26 16:33:41.228 DEBUG 11784 --- [restartedMain] c.e.e.EmpPayrollAppApplication           : Running with Spring Boot v2.5.3, Spring v5.3.9
2021-07-26 16:33:41.228  INFO 11784 --- [restartedMain] c.e.e.EmpPayrollAppApplication           : The following profiles are active: dev
2021-07-26 16:33:52.499  WARN 11784 --- [restartedMain] JpaBaseConfiguration$JpaWebConfiguration : spring.jpa.open-in-view is enabled by default. Therefore, database queries may be performed during view rendering. Explicitly configure spring.jpa.open-in-view to disable this warning
2021-07-26 16:33:54.316  INFO 11784 --- [restartedMain] c.e.e.EmpPayrollAppApplication           : Started EmpPayrollAppApplication in 14.391 seconds (JVM running for 23.915)
2021-07-26 16:33:54.331  INFO 11784 --- [restartedMain] c.e.e.EmpPayrollAppApplication           : Employee Payroll App Started in COMMON Environment
